

Processing ApplicationController#index (for 127.0.0.1 at 2010-12-02 20:31:47) [GET]

ActionController::RoutingError (No route matches "/boards" with {:method=>:get}):
  /System/Library/Frameworks/Ruby.framework/Versions/1.8/usr/lib/ruby/1.8/webrick/httpserver.rb:104:in `service'
  /System/Library/Frameworks/Ruby.framework/Versions/1.8/usr/lib/ruby/1.8/webrick/httpserver.rb:65:in `run'
  /System/Library/Frameworks/Ruby.framework/Versions/1.8/usr/lib/ruby/1.8/webrick/server.rb:173:in `start_thread'
  /System/Library/Frameworks/Ruby.framework/Versions/1.8/usr/lib/ruby/1.8/webrick/server.rb:162:in `start'
  /System/Library/Frameworks/Ruby.framework/Versions/1.8/usr/lib/ruby/1.8/webrick/server.rb:162:in `start_thread'
  /System/Library/Frameworks/Ruby.framework/Versions/1.8/usr/lib/ruby/1.8/webrick/server.rb:95:in `start'
  /System/Library/Frameworks/Ruby.framework/Versions/1.8/usr/lib/ruby/1.8/webrick/server.rb:92:in `each'
  /System/Library/Frameworks/Ruby.framework/Versions/1.8/usr/lib/ruby/1.8/webrick/server.rb:92:in `start'
  /System/Library/Frameworks/Ruby.framework/Versions/1.8/usr/lib/ruby/1.8/webrick/server.rb:23:in `start'
  /System/Library/Frameworks/Ruby.framework/Versions/1.8/usr/lib/ruby/1.8/webrick/server.rb:82:in `start'

Rendering rescues/layout (not_found)


Processing Rails::InfoController#properties (for 127.0.0.1 at 2010-12-02 20:32:23) [GET]
  [4;36;1mSQL (0.2ms)[0m   [0;1m SELECT name
 FROM sqlite_master
 WHERE type = 'table' AND NOT name = 'sqlite_sequence'
[0m
Completed in 73ms (View: 7, DB: 0) | 200 OK [http://0.0.0.0/rails/info/properties]


Processing ApplicationController#index (for 127.0.0.1 at 2010-12-02 20:32:30) [GET]

ActionController::RoutingError (No route matches "/boards" with {:method=>:get}):
  /System/Library/Frameworks/Ruby.framework/Versions/1.8/usr/lib/ruby/1.8/webrick/httpserver.rb:104:in `service'
  /System/Library/Frameworks/Ruby.framework/Versions/1.8/usr/lib/ruby/1.8/webrick/httpserver.rb:65:in `run'
  /System/Library/Frameworks/Ruby.framework/Versions/1.8/usr/lib/ruby/1.8/webrick/server.rb:173:in `start_thread'
  /System/Library/Frameworks/Ruby.framework/Versions/1.8/usr/lib/ruby/1.8/webrick/server.rb:162:in `start'
  /System/Library/Frameworks/Ruby.framework/Versions/1.8/usr/lib/ruby/1.8/webrick/server.rb:162:in `start_thread'
  /System/Library/Frameworks/Ruby.framework/Versions/1.8/usr/lib/ruby/1.8/webrick/server.rb:95:in `start'
  /System/Library/Frameworks/Ruby.framework/Versions/1.8/usr/lib/ruby/1.8/webrick/server.rb:92:in `each'
  /System/Library/Frameworks/Ruby.framework/Versions/1.8/usr/lib/ruby/1.8/webrick/server.rb:92:in `start'
  /System/Library/Frameworks/Ruby.framework/Versions/1.8/usr/lib/ruby/1.8/webrick/server.rb:23:in `start'
  /System/Library/Frameworks/Ruby.framework/Versions/1.8/usr/lib/ruby/1.8/webrick/server.rb:82:in `start'

Rendering rescues/layout (not_found)


Processing BoardsController#index (for 127.0.0.1 at 2010-12-02 20:32:54) [GET]
Rendering boards/index
Completed in 13ms (View: 11, DB: 0) | 200 OK [http://0.0.0.0/boards]


Processing BoardsController#view (for 127.0.0.1 at 2010-12-02 20:33:03) [GET]

NoMethodError (undefined method `name=' for []:Array):
  app/controllers/boards_controller.rb:10:in `view'
  haml (3.0.24) rails/./lib/sass/plugin/rack.rb:41:in `call'
  /System/Library/Frameworks/Ruby.framework/Versions/1.8/usr/lib/ruby/1.8/webrick/httpserver.rb:104:in `service'
  /System/Library/Frameworks/Ruby.framework/Versions/1.8/usr/lib/ruby/1.8/webrick/httpserver.rb:65:in `run'
  /System/Library/Frameworks/Ruby.framework/Versions/1.8/usr/lib/ruby/1.8/webrick/server.rb:173:in `start_thread'
  /System/Library/Frameworks/Ruby.framework/Versions/1.8/usr/lib/ruby/1.8/webrick/server.rb:162:in `start'
  /System/Library/Frameworks/Ruby.framework/Versions/1.8/usr/lib/ruby/1.8/webrick/server.rb:162:in `start_thread'
  /System/Library/Frameworks/Ruby.framework/Versions/1.8/usr/lib/ruby/1.8/webrick/server.rb:95:in `start'
  /System/Library/Frameworks/Ruby.framework/Versions/1.8/usr/lib/ruby/1.8/webrick/server.rb:92:in `each'
  /System/Library/Frameworks/Ruby.framework/Versions/1.8/usr/lib/ruby/1.8/webrick/server.rb:92:in `start'
  /System/Library/Frameworks/Ruby.framework/Versions/1.8/usr/lib/ruby/1.8/webrick/server.rb:23:in `start'
  /System/Library/Frameworks/Ruby.framework/Versions/1.8/usr/lib/ruby/1.8/webrick/server.rb:82:in `start'

Rendered rescues/_trace (107.1ms)
Rendered rescues/_request_and_response (1.0ms)
Rendering rescues/layout (internal_server_error)


Processing BoardsController#view (for 127.0.0.1 at 2010-12-02 20:34:34) [GET]

NoMethodError (undefined method `name=' for nil:NilClass):
  app/controllers/boards_controller.rb:9:in `view'
  haml (3.0.24) rails/./lib/sass/plugin/rack.rb:41:in `call'
  /System/Library/Frameworks/Ruby.framework/Versions/1.8/usr/lib/ruby/1.8/webrick/httpserver.rb:104:in `service'
  /System/Library/Frameworks/Ruby.framework/Versions/1.8/usr/lib/ruby/1.8/webrick/httpserver.rb:65:in `run'
  /System/Library/Frameworks/Ruby.framework/Versions/1.8/usr/lib/ruby/1.8/webrick/server.rb:173:in `start_thread'
  /System/Library/Frameworks/Ruby.framework/Versions/1.8/usr/lib/ruby/1.8/webrick/server.rb:162:in `start'
  /System/Library/Frameworks/Ruby.framework/Versions/1.8/usr/lib/ruby/1.8/webrick/server.rb:162:in `start_thread'
  /System/Library/Frameworks/Ruby.framework/Versions/1.8/usr/lib/ruby/1.8/webrick/server.rb:95:in `start'
  /System/Library/Frameworks/Ruby.framework/Versions/1.8/usr/lib/ruby/1.8/webrick/server.rb:92:in `each'
  /System/Library/Frameworks/Ruby.framework/Versions/1.8/usr/lib/ruby/1.8/webrick/server.rb:92:in `start'
  /System/Library/Frameworks/Ruby.framework/Versions/1.8/usr/lib/ruby/1.8/webrick/server.rb:23:in `start'
  /System/Library/Frameworks/Ruby.framework/Versions/1.8/usr/lib/ruby/1.8/webrick/server.rb:82:in `start'

Rendered rescues/_trace (31.2ms)
Rendered rescues/_request_and_response (0.3ms)
Rendering rescues/layout (internal_server_error)


Processing BoardsController#view (for 127.0.0.1 at 2010-12-02 20:35:15) [GET]

NoMethodError (You have a nil object when you didn't expect it!
You might have expected an instance of ActiveRecord::Base.
The error occurred while evaluating nil.[]=):
  app/controllers/boards_controller.rb:9:in `view'
  haml (3.0.24) rails/./lib/sass/plugin/rack.rb:41:in `call'
  /System/Library/Frameworks/Ruby.framework/Versions/1.8/usr/lib/ruby/1.8/webrick/httpserver.rb:104:in `service'
  /System/Library/Frameworks/Ruby.framework/Versions/1.8/usr/lib/ruby/1.8/webrick/httpserver.rb:65:in `run'
  /System/Library/Frameworks/Ruby.framework/Versions/1.8/usr/lib/ruby/1.8/webrick/server.rb:173:in `start_thread'
  /System/Library/Frameworks/Ruby.framework/Versions/1.8/usr/lib/ruby/1.8/webrick/server.rb:162:in `start'
  /System/Library/Frameworks/Ruby.framework/Versions/1.8/usr/lib/ruby/1.8/webrick/server.rb:162:in `start_thread'
  /System/Library/Frameworks/Ruby.framework/Versions/1.8/usr/lib/ruby/1.8/webrick/server.rb:95:in `start'
  /System/Library/Frameworks/Ruby.framework/Versions/1.8/usr/lib/ruby/1.8/webrick/server.rb:92:in `each'
  /System/Library/Frameworks/Ruby.framework/Versions/1.8/usr/lib/ruby/1.8/webrick/server.rb:92:in `start'
  /System/Library/Frameworks/Ruby.framework/Versions/1.8/usr/lib/ruby/1.8/webrick/server.rb:23:in `start'
  /System/Library/Frameworks/Ruby.framework/Versions/1.8/usr/lib/ruby/1.8/webrick/server.rb:82:in `start'

Rendered rescues/_trace (30.3ms)
Rendered rescues/_request_and_response (0.3ms)
Rendering rescues/layout (internal_server_error)


Processing BoardsController#view (for 127.0.0.1 at 2010-12-02 20:35:49) [GET]
Rendering boards/view
Completed in 6ms (View: 4, DB: 0) | 200 OK [http://0.0.0.0/boards/view]
  [4;36;1mSQL (0.2ms)[0m   [0;1m SELECT name
 FROM sqlite_master
 WHERE type = 'table' AND NOT name = 'sqlite_sequence'
[0m
  [4;35;1mSQL (0.1ms)[0m   [0mselect sqlite_version(*)[0m
  [4;36;1mSQL (3.9ms)[0m   [0;1mCREATE TABLE "schema_migrations" ("version" varchar(255) NOT NULL) [0m
  [4;35;1mSQL (0.0ms)[0m   [0mPRAGMA index_list("schema_migrations")[0m
  [4;36;1mSQL (9.1ms)[0m   [0;1mCREATE UNIQUE INDEX "unique_schema_migrations" ON "schema_migrations" ("version")[0m
  [4;35;1mSQL (0.1ms)[0m   [0m SELECT name
 FROM sqlite_master
 WHERE type = 'table' AND NOT name = 'sqlite_sequence'
[0m
  [4;36;1mSQL (0.1ms)[0m   [0;1mSELECT version FROM schema_migrations[0m
Migrating to CreateBoards (20101202123646)
  [4;35;1mSQL (0.4ms)[0m   [0mCREATE TABLE "boards" ("id" INTEGER PRIMARY KEY AUTOINCREMENT NOT NULL, "name" varchar(255), "created_at" datetime, "updated_at" datetime) [0m
  [4;36;1mSQL (0.1ms)[0m   [0;1mINSERT INTO schema_migrations (version) VALUES ('20101202123646')[0m
  [4;35;1mSQL (0.2ms)[0m   [0m SELECT name
 FROM sqlite_master
 WHERE type = 'table' AND NOT name = 'sqlite_sequence'
[0m
  [4;36;1mSQL (0.1ms)[0m   [0;1mSELECT version FROM schema_migrations[0m
  [4;35;1mSQL (0.1ms)[0m   [0m SELECT name
 FROM sqlite_master
 WHERE type = 'table' AND NOT name = 'sqlite_sequence'
[0m
  [4;36;1mSQL (0.0ms)[0m   [0;1mPRAGMA index_list("boards")[0m


Processing BoardsController#index (for 127.0.0.1 at 2010-12-02 20:44:57) [GET]

NameError (uninitialized constant BoardsController::Board):
  app/controllers/boards_controller.rb:4:in `index'
  haml (3.0.24) rails/./lib/sass/plugin/rack.rb:41:in `call'
  /System/Library/Frameworks/Ruby.framework/Versions/1.8/usr/lib/ruby/1.8/webrick/httpserver.rb:104:in `service'
  /System/Library/Frameworks/Ruby.framework/Versions/1.8/usr/lib/ruby/1.8/webrick/httpserver.rb:65:in `run'
  /System/Library/Frameworks/Ruby.framework/Versions/1.8/usr/lib/ruby/1.8/webrick/server.rb:173:in `start_thread'
  /System/Library/Frameworks/Ruby.framework/Versions/1.8/usr/lib/ruby/1.8/webrick/server.rb:162:in `start'
  /System/Library/Frameworks/Ruby.framework/Versions/1.8/usr/lib/ruby/1.8/webrick/server.rb:162:in `start_thread'
  /System/Library/Frameworks/Ruby.framework/Versions/1.8/usr/lib/ruby/1.8/webrick/server.rb:95:in `start'
  /System/Library/Frameworks/Ruby.framework/Versions/1.8/usr/lib/ruby/1.8/webrick/server.rb:92:in `each'
  /System/Library/Frameworks/Ruby.framework/Versions/1.8/usr/lib/ruby/1.8/webrick/server.rb:92:in `start'
  /System/Library/Frameworks/Ruby.framework/Versions/1.8/usr/lib/ruby/1.8/webrick/server.rb:23:in `start'
  /System/Library/Frameworks/Ruby.framework/Versions/1.8/usr/lib/ruby/1.8/webrick/server.rb:82:in `start'

Rendered rescues/_trace (30.7ms)
Rendered rescues/_request_and_response (0.3ms)
Rendering rescues/layout (internal_server_error)


Processing BoardsController#index (for 127.0.0.1 at 2010-12-02 20:51:41) [GET]

NameError (uninitialized constant BoardsController::Board):
  app/controllers/boards_controller.rb:4:in `index'
  haml (3.0.24) rails/./lib/sass/plugin/rack.rb:41:in `call'
  /System/Library/Frameworks/Ruby.framework/Versions/1.8/usr/lib/ruby/1.8/webrick/httpserver.rb:104:in `service'
  /System/Library/Frameworks/Ruby.framework/Versions/1.8/usr/lib/ruby/1.8/webrick/httpserver.rb:65:in `run'
  /System/Library/Frameworks/Ruby.framework/Versions/1.8/usr/lib/ruby/1.8/webrick/server.rb:173:in `start_thread'
  /System/Library/Frameworks/Ruby.framework/Versions/1.8/usr/lib/ruby/1.8/webrick/server.rb:162:in `start'
  /System/Library/Frameworks/Ruby.framework/Versions/1.8/usr/lib/ruby/1.8/webrick/server.rb:162:in `start_thread'
  /System/Library/Frameworks/Ruby.framework/Versions/1.8/usr/lib/ruby/1.8/webrick/server.rb:95:in `start'
  /System/Library/Frameworks/Ruby.framework/Versions/1.8/usr/lib/ruby/1.8/webrick/server.rb:92:in `each'
  /System/Library/Frameworks/Ruby.framework/Versions/1.8/usr/lib/ruby/1.8/webrick/server.rb:92:in `start'
  /System/Library/Frameworks/Ruby.framework/Versions/1.8/usr/lib/ruby/1.8/webrick/server.rb:23:in `start'
  /System/Library/Frameworks/Ruby.framework/Versions/1.8/usr/lib/ruby/1.8/webrick/server.rb:82:in `start'

Rendered rescues/_trace (31.6ms)
Rendered rescues/_request_and_response (0.3ms)
Rendering rescues/layout (internal_server_error)
  [4;36;1mSQL (0.5ms)[0m   [0;1m SELECT name
 FROM sqlite_master
 WHERE type = 'table' AND NOT name = 'sqlite_sequence'
[0m
  [4;35;1mSQL (0.1ms)[0m   [0mSELECT version FROM schema_migrations[0m
Migrating to CreateBoards (20101202123646)
  [4;36;1mSQL (0.1ms)[0m   [0;1mselect sqlite_version(*)[0m
  [4;35;1mSQL (0.1ms)[0m   [0m SELECT name
 FROM sqlite_master
 WHERE type = 'table' AND NOT name = 'sqlite_sequence'
[0m
  [4;36;1mSQL (0.1ms)[0m   [0;1mSELECT version FROM schema_migrations[0m
  [4;35;1mSQL (0.1ms)[0m   [0m SELECT name
 FROM sqlite_master
 WHERE type = 'table' AND NOT name = 'sqlite_sequence'
[0m
  [4;36;1mSQL (0.0ms)[0m   [0;1mPRAGMA index_list("boards")[0m


Processing BoardsController#index (for 127.0.0.1 at 2010-12-02 21:00:07) [GET]

NameError (uninitialized constant BoardsController::Boards):
  app/controllers/boards_controller.rb:4:in `index'
  haml (3.0.24) rails/./lib/sass/plugin/rack.rb:41:in `call'
  /System/Library/Frameworks/Ruby.framework/Versions/1.8/usr/lib/ruby/1.8/webrick/httpserver.rb:104:in `service'
  /System/Library/Frameworks/Ruby.framework/Versions/1.8/usr/lib/ruby/1.8/webrick/httpserver.rb:65:in `run'
  /System/Library/Frameworks/Ruby.framework/Versions/1.8/usr/lib/ruby/1.8/webrick/server.rb:173:in `start_thread'
  /System/Library/Frameworks/Ruby.framework/Versions/1.8/usr/lib/ruby/1.8/webrick/server.rb:162:in `start'
  /System/Library/Frameworks/Ruby.framework/Versions/1.8/usr/lib/ruby/1.8/webrick/server.rb:162:in `start_thread'
  /System/Library/Frameworks/Ruby.framework/Versions/1.8/usr/lib/ruby/1.8/webrick/server.rb:95:in `start'
  /System/Library/Frameworks/Ruby.framework/Versions/1.8/usr/lib/ruby/1.8/webrick/server.rb:92:in `each'
  /System/Library/Frameworks/Ruby.framework/Versions/1.8/usr/lib/ruby/1.8/webrick/server.rb:92:in `start'
  /System/Library/Frameworks/Ruby.framework/Versions/1.8/usr/lib/ruby/1.8/webrick/server.rb:23:in `start'
  /System/Library/Frameworks/Ruby.framework/Versions/1.8/usr/lib/ruby/1.8/webrick/server.rb:82:in `start'

Rendered rescues/_trace (107.6ms)
Rendered rescues/_request_and_response (0.3ms)
Rendering rescues/layout (internal_server_error)
  [4;36;1mBoard Load (0.2ms)[0m   [0;1mSELECT * FROM "boards" [0m
  [4;35;1mSQL (0.2ms)[0m   [0m SELECT name
 FROM sqlite_master
 WHERE type = 'table' AND NOT name = 'sqlite_sequence'
[0m


Processing BoardsController#index (for 127.0.0.1 at 2010-12-02 21:13:27) [GET]
Rendering boards/index

ActionView::TemplateError (You have a nil object when you didn't expect it!
You might have expected an instance of Array.
The error occurred while evaluating nil.each) on line #5 of app/views/boards/index.html.haml:
2: 
3: %ul
4:   %li
5:     - for board in @boards
6:       = board.name
7:       = board.created_at.to_s

    app/views/boards/index.html.haml:5:in `_run_haml_app47views47boards47index46html46haml'
    haml (3.0.24) rails/./lib/haml/helpers/action_view_mods.rb:13:in `render'
    haml (3.0.24) rails/./lib/sass/plugin/rack.rb:41:in `call'
    /System/Library/Frameworks/Ruby.framework/Versions/1.8/usr/lib/ruby/1.8/webrick/httpserver.rb:104:in `service'
    /System/Library/Frameworks/Ruby.framework/Versions/1.8/usr/lib/ruby/1.8/webrick/httpserver.rb:65:in `run'
    /System/Library/Frameworks/Ruby.framework/Versions/1.8/usr/lib/ruby/1.8/webrick/server.rb:173:in `start_thread'
    /System/Library/Frameworks/Ruby.framework/Versions/1.8/usr/lib/ruby/1.8/webrick/server.rb:162:in `start'
    /System/Library/Frameworks/Ruby.framework/Versions/1.8/usr/lib/ruby/1.8/webrick/server.rb:162:in `start_thread'
    /System/Library/Frameworks/Ruby.framework/Versions/1.8/usr/lib/ruby/1.8/webrick/server.rb:95:in `start'
    /System/Library/Frameworks/Ruby.framework/Versions/1.8/usr/lib/ruby/1.8/webrick/server.rb:92:in `each'
    /System/Library/Frameworks/Ruby.framework/Versions/1.8/usr/lib/ruby/1.8/webrick/server.rb:92:in `start'
    /System/Library/Frameworks/Ruby.framework/Versions/1.8/usr/lib/ruby/1.8/webrick/server.rb:23:in `start'
    /System/Library/Frameworks/Ruby.framework/Versions/1.8/usr/lib/ruby/1.8/webrick/server.rb:82:in `start'

Rendered rescues/_trace (48.9ms)
Rendered rescues/_request_and_response (0.3ms)
Rendering rescues/layout (internal_server_error)


Processing BoardsController#index (for 127.0.0.1 at 2010-12-02 21:14:04) [GET]

NameError (uninitialized constant BoardsController::Board):
  app/controllers/boards_controller.rb:4:in `index'
  haml (3.0.24) rails/./lib/sass/plugin/rack.rb:41:in `call'
  /System/Library/Frameworks/Ruby.framework/Versions/1.8/usr/lib/ruby/1.8/webrick/httpserver.rb:104:in `service'
  /System/Library/Frameworks/Ruby.framework/Versions/1.8/usr/lib/ruby/1.8/webrick/httpserver.rb:65:in `run'
  /System/Library/Frameworks/Ruby.framework/Versions/1.8/usr/lib/ruby/1.8/webrick/server.rb:173:in `start_thread'
  /System/Library/Frameworks/Ruby.framework/Versions/1.8/usr/lib/ruby/1.8/webrick/server.rb:162:in `start'
  /System/Library/Frameworks/Ruby.framework/Versions/1.8/usr/lib/ruby/1.8/webrick/server.rb:162:in `start_thread'
  /System/Library/Frameworks/Ruby.framework/Versions/1.8/usr/lib/ruby/1.8/webrick/server.rb:95:in `start'
  /System/Library/Frameworks/Ruby.framework/Versions/1.8/usr/lib/ruby/1.8/webrick/server.rb:92:in `each'
  /System/Library/Frameworks/Ruby.framework/Versions/1.8/usr/lib/ruby/1.8/webrick/server.rb:92:in `start'
  /System/Library/Frameworks/Ruby.framework/Versions/1.8/usr/lib/ruby/1.8/webrick/server.rb:23:in `start'
  /System/Library/Frameworks/Ruby.framework/Versions/1.8/usr/lib/ruby/1.8/webrick/server.rb:82:in `start'

Rendered rescues/_trace (113.3ms)
Rendered rescues/_request_and_response (0.3ms)
Rendering rescues/layout (internal_server_error)


Processing BoardsController#view (for 127.0.0.1 at 2010-12-02 21:15:09) [GET]

NameError (uninitialized constant BoardsController::Board):
  app/controllers/boards_controller.rb:9:in `view'
  haml (3.0.24) rails/./lib/sass/plugin/rack.rb:41:in `call'
  /System/Library/Frameworks/Ruby.framework/Versions/1.8/usr/lib/ruby/1.8/webrick/httpserver.rb:104:in `service'
  /System/Library/Frameworks/Ruby.framework/Versions/1.8/usr/lib/ruby/1.8/webrick/httpserver.rb:65:in `run'
  /System/Library/Frameworks/Ruby.framework/Versions/1.8/usr/lib/ruby/1.8/webrick/server.rb:173:in `start_thread'
  /System/Library/Frameworks/Ruby.framework/Versions/1.8/usr/lib/ruby/1.8/webrick/server.rb:162:in `start'
  /System/Library/Frameworks/Ruby.framework/Versions/1.8/usr/lib/ruby/1.8/webrick/server.rb:162:in `start_thread'
  /System/Library/Frameworks/Ruby.framework/Versions/1.8/usr/lib/ruby/1.8/webrick/server.rb:95:in `start'
  /System/Library/Frameworks/Ruby.framework/Versions/1.8/usr/lib/ruby/1.8/webrick/server.rb:92:in `each'
  /System/Library/Frameworks/Ruby.framework/Versions/1.8/usr/lib/ruby/1.8/webrick/server.rb:92:in `start'
  /System/Library/Frameworks/Ruby.framework/Versions/1.8/usr/lib/ruby/1.8/webrick/server.rb:23:in `start'
  /System/Library/Frameworks/Ruby.framework/Versions/1.8/usr/lib/ruby/1.8/webrick/server.rb:82:in `start'

Rendered rescues/_trace (30.0ms)
Rendered rescues/_request_and_response (0.3ms)
Rendering rescues/layout (internal_server_error)


Processing BoardsController#view (for 127.0.0.1 at 2010-12-02 21:20:10) [GET]
  [4;36;1mBoard Load (0.1ms)[0m   [0;1mSELECT * FROM "boards" WHERE ("boards"."id" = 1) [0m

ActiveRecord::RecordNotFound (Couldn't find Board with ID=1):
  app/controllers/boards_controller.rb:9:in `view'
  haml (3.0.24) rails/./lib/sass/plugin/rack.rb:41:in `call'
  /System/Library/Frameworks/Ruby.framework/Versions/1.8/usr/lib/ruby/1.8/webrick/httpserver.rb:104:in `service'
  /System/Library/Frameworks/Ruby.framework/Versions/1.8/usr/lib/ruby/1.8/webrick/httpserver.rb:65:in `run'
  /System/Library/Frameworks/Ruby.framework/Versions/1.8/usr/lib/ruby/1.8/webrick/server.rb:173:in `start_thread'
  /System/Library/Frameworks/Ruby.framework/Versions/1.8/usr/lib/ruby/1.8/webrick/server.rb:162:in `start'
  /System/Library/Frameworks/Ruby.framework/Versions/1.8/usr/lib/ruby/1.8/webrick/server.rb:162:in `start_thread'
  /System/Library/Frameworks/Ruby.framework/Versions/1.8/usr/lib/ruby/1.8/webrick/server.rb:95:in `start'
  /System/Library/Frameworks/Ruby.framework/Versions/1.8/usr/lib/ruby/1.8/webrick/server.rb:92:in `each'
  /System/Library/Frameworks/Ruby.framework/Versions/1.8/usr/lib/ruby/1.8/webrick/server.rb:92:in `start'
  /System/Library/Frameworks/Ruby.framework/Versions/1.8/usr/lib/ruby/1.8/webrick/server.rb:23:in `start'
  /System/Library/Frameworks/Ruby.framework/Versions/1.8/usr/lib/ruby/1.8/webrick/server.rb:82:in `start'

Rendered rescues/_trace (149.3ms)
Rendered rescues/_request_and_response (1.0ms)
Rendering rescues/layout (not_found)


Processing BoardsController#index (for 127.0.0.1 at 2010-12-02 21:24:18) [GET]
  [4;35;1mBoard Load (0.3ms)[0m   [0mSELECT * FROM "boards" [0m
Rendering boards/index
Completed in 10ms (View: 6, DB: 0) | 200 OK [http://0.0.0.0/boards]


Processing BoardsController#index (for 127.0.0.1 at 2010-12-02 21:36:11) [GET]
  [4;36;1mBoard Load (1.7ms)[0m   [0;1mSELECT * FROM "boards" [0m
Rendering boards/index
Completed in 11ms (View: 6, DB: 2) | 200 OK [http://0.0.0.0/boards]


Processing BoardsController#new (for 127.0.0.1 at 2010-12-02 21:36:15) [GET]

ActionView::MissingTemplate (Missing template boards/new.erb in view path app/views):
  app/controllers/boards_controller.rb:29:in `new'
  haml (3.0.24) rails/./lib/sass/plugin/rack.rb:41:in `call'
  /System/Library/Frameworks/Ruby.framework/Versions/1.8/usr/lib/ruby/1.8/webrick/httpserver.rb:104:in `service'
  /System/Library/Frameworks/Ruby.framework/Versions/1.8/usr/lib/ruby/1.8/webrick/httpserver.rb:65:in `run'
  /System/Library/Frameworks/Ruby.framework/Versions/1.8/usr/lib/ruby/1.8/webrick/server.rb:173:in `start_thread'
  /System/Library/Frameworks/Ruby.framework/Versions/1.8/usr/lib/ruby/1.8/webrick/server.rb:162:in `start'
  /System/Library/Frameworks/Ruby.framework/Versions/1.8/usr/lib/ruby/1.8/webrick/server.rb:162:in `start_thread'
  /System/Library/Frameworks/Ruby.framework/Versions/1.8/usr/lib/ruby/1.8/webrick/server.rb:95:in `start'
  /System/Library/Frameworks/Ruby.framework/Versions/1.8/usr/lib/ruby/1.8/webrick/server.rb:92:in `each'
  /System/Library/Frameworks/Ruby.framework/Versions/1.8/usr/lib/ruby/1.8/webrick/server.rb:92:in `start'
  /System/Library/Frameworks/Ruby.framework/Versions/1.8/usr/lib/ruby/1.8/webrick/server.rb:23:in `start'
  /System/Library/Frameworks/Ruby.framework/Versions/1.8/usr/lib/ruby/1.8/webrick/server.rb:82:in `start'

Rendering rescues/layout (internal_server_error)


Processing BoardsController#new (for 127.0.0.1 at 2010-12-02 21:39:07) [GET]
Rendering boards/new

ActionView::TemplateError (You don't need to use "- end" in Haml. Un-indent to close a block:
- if foo?
  %strong Foo!
- else
  Not foo.
%p This line is un-indented, so it isn't part of the "if" block) on line #12 of app/views/boards/new.html.haml:
9: 
10:   %p
11:     = f.submit 'Create'
12: - end
13: 
14: = link_to 'Back', boards_path

    app/views/boards/new.html.haml:12
    haml (3.0.24) lib/haml/precompiler.rb:229:in `process_line'
    haml (3.0.24) lib/haml/precompiler.rb:178:in `precompile'
    haml (3.0.24) lib/haml/engine.rb:121:in `initialize'
    haml (3.0.24) rails/./lib/haml/template/plugin.rb:34:in `new'
    haml (3.0.24) rails/./lib/haml/template/plugin.rb:34:in `compile'
    haml (3.0.24) rails/./lib/haml/template/plugin.rb:39:in `call'
    haml (3.0.24) rails/./lib/haml/helpers/action_view_mods.rb:13:in `render'
    app/controllers/boards_controller.rb:29:in `new'
    haml (3.0.24) rails/./lib/sass/plugin/rack.rb:41:in `call'
    /System/Library/Frameworks/Ruby.framework/Versions/1.8/usr/lib/ruby/1.8/webrick/httpserver.rb:104:in `service'
    /System/Library/Frameworks/Ruby.framework/Versions/1.8/usr/lib/ruby/1.8/webrick/httpserver.rb:65:in `run'
    /System/Library/Frameworks/Ruby.framework/Versions/1.8/usr/lib/ruby/1.8/webrick/server.rb:173:in `start_thread'
    /System/Library/Frameworks/Ruby.framework/Versions/1.8/usr/lib/ruby/1.8/webrick/server.rb:162:in `start'
    /System/Library/Frameworks/Ruby.framework/Versions/1.8/usr/lib/ruby/1.8/webrick/server.rb:162:in `start_thread'
    /System/Library/Frameworks/Ruby.framework/Versions/1.8/usr/lib/ruby/1.8/webrick/server.rb:95:in `start'
    /System/Library/Frameworks/Ruby.framework/Versions/1.8/usr/lib/ruby/1.8/webrick/server.rb:92:in `each'
    /System/Library/Frameworks/Ruby.framework/Versions/1.8/usr/lib/ruby/1.8/webrick/server.rb:92:in `start'
    /System/Library/Frameworks/Ruby.framework/Versions/1.8/usr/lib/ruby/1.8/webrick/server.rb:23:in `start'
    /System/Library/Frameworks/Ruby.framework/Versions/1.8/usr/lib/ruby/1.8/webrick/server.rb:82:in `start'

Rendered rescues/_trace (134.5ms)
Rendered rescues/_request_and_response (0.3ms)
Rendering rescues/layout (internal_server_error)


Processing BoardsController#new (for 127.0.0.1 at 2010-12-02 21:39:24) [GET]
Rendering boards/new

ActionView::TemplateError (undefined local variable or method `f' for #<ActionView::Base:0x103474470>) on line #4 of app/views/boards/new.html.haml:
1: %h1 New Board
2: 
3: - form_for(@board) do |form|
4:   = f.error_messages
5: 
6:   %p
7:     = f.label :name

    app/views/boards/new.html.haml:4:in `_run_haml_app47views47boards47new46html46haml'
    haml (3.0.24) rails/./lib/haml/helpers/action_view_mods.rb:229:in `call'
    haml (3.0.24) rails/./lib/haml/helpers/action_view_mods.rb:229:in `form_for'
    haml (3.0.24) lib/haml/helpers.rb:588:in `call'
    haml (3.0.24) lib/haml/helpers.rb:588:in `haml_bind_proc'
    haml (3.0.24) rails/./lib/haml/helpers/action_view_mods.rb:235:in `form_for'
    app/views/boards/new.html.haml:3:in `_run_haml_app47views47boards47new46html46haml'
    haml (3.0.24) rails/./lib/haml/helpers/action_view_mods.rb:13:in `render'
    app/controllers/boards_controller.rb:29:in `new'
    haml (3.0.24) rails/./lib/sass/plugin/rack.rb:41:in `call'
    /System/Library/Frameworks/Ruby.framework/Versions/1.8/usr/lib/ruby/1.8/webrick/httpserver.rb:104:in `service'
    /System/Library/Frameworks/Ruby.framework/Versions/1.8/usr/lib/ruby/1.8/webrick/httpserver.rb:65:in `run'
    /System/Library/Frameworks/Ruby.framework/Versions/1.8/usr/lib/ruby/1.8/webrick/server.rb:173:in `start_thread'
    /System/Library/Frameworks/Ruby.framework/Versions/1.8/usr/lib/ruby/1.8/webrick/server.rb:162:in `start'
    /System/Library/Frameworks/Ruby.framework/Versions/1.8/usr/lib/ruby/1.8/webrick/server.rb:162:in `start_thread'
    /System/Library/Frameworks/Ruby.framework/Versions/1.8/usr/lib/ruby/1.8/webrick/server.rb:95:in `start'
    /System/Library/Frameworks/Ruby.framework/Versions/1.8/usr/lib/ruby/1.8/webrick/server.rb:92:in `each'
    /System/Library/Frameworks/Ruby.framework/Versions/1.8/usr/lib/ruby/1.8/webrick/server.rb:92:in `start'
    /System/Library/Frameworks/Ruby.framework/Versions/1.8/usr/lib/ruby/1.8/webrick/server.rb:23:in `start'
    /System/Library/Frameworks/Ruby.framework/Versions/1.8/usr/lib/ruby/1.8/webrick/server.rb:82:in `start'

Rendered rescues/_trace (155.4ms)
Rendered rescues/_request_and_response (0.3ms)
Rendering rescues/layout (internal_server_error)


Processing BoardsController#new (for 127.0.0.1 at 2010-12-02 21:39:37) [GET]
Rendering boards/new

ActionView::TemplateError (undefined method `textfield' for #<ActionView::Helpers::FormBuilder:0x1035de888>) on line #8 of app/views/boards/new.html.haml:
5: 
6:   %p
7:     = form.label :name
8:     = form.textfield :name
9: 
10:   %p
11:     = form.submit 'Create'

    app/views/boards/new.html.haml:8:in `_run_haml_app47views47boards47new46html46haml'
    haml (3.0.24) rails/./lib/haml/helpers/action_view_mods.rb:229:in `call'
    haml (3.0.24) rails/./lib/haml/helpers/action_view_mods.rb:229:in `form_for'
    haml (3.0.24) lib/haml/helpers.rb:588:in `call'
    haml (3.0.24) lib/haml/helpers.rb:588:in `haml_bind_proc'
    haml (3.0.24) rails/./lib/haml/helpers/action_view_mods.rb:235:in `form_for'
    app/views/boards/new.html.haml:3:in `_run_haml_app47views47boards47new46html46haml'
    haml (3.0.24) rails/./lib/haml/helpers/action_view_mods.rb:13:in `render'
    app/controllers/boards_controller.rb:29:in `new'
    haml (3.0.24) rails/./lib/sass/plugin/rack.rb:41:in `call'
    /System/Library/Frameworks/Ruby.framework/Versions/1.8/usr/lib/ruby/1.8/webrick/httpserver.rb:104:in `service'
    /System/Library/Frameworks/Ruby.framework/Versions/1.8/usr/lib/ruby/1.8/webrick/httpserver.rb:65:in `run'
    /System/Library/Frameworks/Ruby.framework/Versions/1.8/usr/lib/ruby/1.8/webrick/server.rb:173:in `start_thread'
    /System/Library/Frameworks/Ruby.framework/Versions/1.8/usr/lib/ruby/1.8/webrick/server.rb:162:in `start'
    /System/Library/Frameworks/Ruby.framework/Versions/1.8/usr/lib/ruby/1.8/webrick/server.rb:162:in `start_thread'
    /System/Library/Frameworks/Ruby.framework/Versions/1.8/usr/lib/ruby/1.8/webrick/server.rb:95:in `start'
    /System/Library/Frameworks/Ruby.framework/Versions/1.8/usr/lib/ruby/1.8/webrick/server.rb:92:in `each'
    /System/Library/Frameworks/Ruby.framework/Versions/1.8/usr/lib/ruby/1.8/webrick/server.rb:92:in `start'
    /System/Library/Frameworks/Ruby.framework/Versions/1.8/usr/lib/ruby/1.8/webrick/server.rb:23:in `start'
    /System/Library/Frameworks/Ruby.framework/Versions/1.8/usr/lib/ruby/1.8/webrick/server.rb:82:in `start'

Rendered rescues/_trace (45.8ms)
Rendered rescues/_request_and_response (0.3ms)
Rendering rescues/layout (internal_server_error)


Processing BoardsController#new (for 127.0.0.1 at 2010-12-02 21:39:47) [GET]
Rendering boards/new
Completed in 16ms (View: 11, DB: 0) | 200 OK [http://0.0.0.0/boards/new]


Processing BoardsController#create (for 127.0.0.1 at 2010-12-02 21:39:53) [POST]
  Parameters: {"commit"=>"Create", "authenticity_token"=>"RB21C+bRhU9bPEuNGJjV8nGXhwMgWejl22hNchLcUPQ=", "board"=>{"name"=>"random"}}
  [4;35;1mBoard Create (0.4ms)[0m   [0mINSERT INTO "boards" ("name", "created_at", "updated_at") VALUES('random', '2010-12-02 13:39:53', '2010-12-02 13:39:53')[0m
Redirected to http://0.0.0.0:3000/boards/1
Completed in 17ms (DB: 0) | 302 Found [http://0.0.0.0/boards]


Processing BoardsController#show (for 127.0.0.1 at 2010-12-02 21:39:53) [GET]
  Parameters: {"id"=>"1"}
  [4;36;1mBoard Load (0.2ms)[0m   [0;1mSELECT * FROM "boards" WHERE ("boards"."id" = 1) [0m

ActionView::MissingTemplate (Missing template boards/show.erb in view path app/views):
  app/controllers/boards_controller.rb:18:in `show'
  haml (3.0.24) rails/./lib/sass/plugin/rack.rb:41:in `call'
  /System/Library/Frameworks/Ruby.framework/Versions/1.8/usr/lib/ruby/1.8/webrick/httpserver.rb:104:in `service'
  /System/Library/Frameworks/Ruby.framework/Versions/1.8/usr/lib/ruby/1.8/webrick/httpserver.rb:65:in `run'
  /System/Library/Frameworks/Ruby.framework/Versions/1.8/usr/lib/ruby/1.8/webrick/server.rb:173:in `start_thread'
  /System/Library/Frameworks/Ruby.framework/Versions/1.8/usr/lib/ruby/1.8/webrick/server.rb:162:in `start'
  /System/Library/Frameworks/Ruby.framework/Versions/1.8/usr/lib/ruby/1.8/webrick/server.rb:162:in `start_thread'
  /System/Library/Frameworks/Ruby.framework/Versions/1.8/usr/lib/ruby/1.8/webrick/server.rb:95:in `start'
  /System/Library/Frameworks/Ruby.framework/Versions/1.8/usr/lib/ruby/1.8/webrick/server.rb:92:in `each'
  /System/Library/Frameworks/Ruby.framework/Versions/1.8/usr/lib/ruby/1.8/webrick/server.rb:92:in `start'
  /System/Library/Frameworks/Ruby.framework/Versions/1.8/usr/lib/ruby/1.8/webrick/server.rb:23:in `start'
  /System/Library/Frameworks/Ruby.framework/Versions/1.8/usr/lib/ruby/1.8/webrick/server.rb:82:in `start'

Rendering rescues/layout (internal_server_error)


Processing BoardsController#show (for 127.0.0.1 at 2010-12-02 21:40:42) [GET]
  Parameters: {"id"=>"1"}
  [4;35;1mBoard Load (0.1ms)[0m   [0mSELECT * FROM "boards" WHERE ("boards"."id" = 1) [0m
Rendering boards/show
Completed in 9ms (View: 5, DB: 0) | 200 OK [http://0.0.0.0/boards/1]


Processing BoardsController#show (for 127.0.0.1 at 2010-12-02 21:42:04) [GET]
  Parameters: {"id"=>"1"}
  [4;36;1mBoard Load (0.1ms)[0m   [0;1mSELECT * FROM "boards" WHERE ("boards"."id" = 1) [0m
Rendering boards/show
Completed in 11ms (View: 5, DB: 0) | 200 OK [http://0.0.0.0/boards/1]


Processing BoardsController#edit (for 127.0.0.1 at 2010-12-02 21:42:06) [GET]
  Parameters: {"id"=>"1"}
  [4;35;1mBoard Load (0.2ms)[0m   [0mSELECT * FROM "boards" WHERE ("boards"."id" = 1) [0m

ActionView::MissingTemplate (Missing template boards/edit.erb in view path app/views):
  haml (3.0.24) rails/./lib/sass/plugin/rack.rb:41:in `call'
  /System/Library/Frameworks/Ruby.framework/Versions/1.8/usr/lib/ruby/1.8/webrick/httpserver.rb:104:in `service'
  /System/Library/Frameworks/Ruby.framework/Versions/1.8/usr/lib/ruby/1.8/webrick/httpserver.rb:65:in `run'
  /System/Library/Frameworks/Ruby.framework/Versions/1.8/usr/lib/ruby/1.8/webrick/server.rb:173:in `start_thread'
  /System/Library/Frameworks/Ruby.framework/Versions/1.8/usr/lib/ruby/1.8/webrick/server.rb:162:in `start'
  /System/Library/Frameworks/Ruby.framework/Versions/1.8/usr/lib/ruby/1.8/webrick/server.rb:162:in `start_thread'
  /System/Library/Frameworks/Ruby.framework/Versions/1.8/usr/lib/ruby/1.8/webrick/server.rb:95:in `start'
  /System/Library/Frameworks/Ruby.framework/Versions/1.8/usr/lib/ruby/1.8/webrick/server.rb:92:in `each'
  /System/Library/Frameworks/Ruby.framework/Versions/1.8/usr/lib/ruby/1.8/webrick/server.rb:92:in `start'
  /System/Library/Frameworks/Ruby.framework/Versions/1.8/usr/lib/ruby/1.8/webrick/server.rb:23:in `start'
  /System/Library/Frameworks/Ruby.framework/Versions/1.8/usr/lib/ruby/1.8/webrick/server.rb:82:in `start'

Rendering rescues/layout (internal_server_error)


Processing BoardsController#edit (for 127.0.0.1 at 2010-12-02 21:45:02) [GET]
  Parameters: {"id"=>"1"}
  [4;36;1mBoard Load (0.1ms)[0m   [0;1mSELECT * FROM "boards" WHERE ("boards"."id" = 1) [0m
Rendering boards/edit

ActionView::TemplateError (Illegal nesting: content can't be both given on the same line as %h1 and nested within it.) on line #2 of app/views/boards/edit.html.haml:
1: %h1 Editing
2:   = @board.name
3: 
4: - form_for(@board) do |form|
5:   = form.error_messages

    app/views/boards/edit.html.haml:2
    haml (3.0.24) lib/haml/precompiler.rb:781:in `render_tag'
    haml (3.0.24) lib/haml/precompiler.rb:214:in `process_line'
    haml (3.0.24) lib/haml/precompiler.rb:178:in `precompile'
    haml (3.0.24) lib/haml/engine.rb:121:in `initialize'
    haml (3.0.24) rails/./lib/haml/template/plugin.rb:34:in `new'
    haml (3.0.24) rails/./lib/haml/template/plugin.rb:34:in `compile'
    haml (3.0.24) rails/./lib/haml/template/plugin.rb:39:in `call'
    haml (3.0.24) rails/./lib/haml/helpers/action_view_mods.rb:13:in `render'
    haml (3.0.24) rails/./lib/sass/plugin/rack.rb:41:in `call'
    /System/Library/Frameworks/Ruby.framework/Versions/1.8/usr/lib/ruby/1.8/webrick/httpserver.rb:104:in `service'
    /System/Library/Frameworks/Ruby.framework/Versions/1.8/usr/lib/ruby/1.8/webrick/httpserver.rb:65:in `run'
    /System/Library/Frameworks/Ruby.framework/Versions/1.8/usr/lib/ruby/1.8/webrick/server.rb:173:in `start_thread'
    /System/Library/Frameworks/Ruby.framework/Versions/1.8/usr/lib/ruby/1.8/webrick/server.rb:162:in `start'
    /System/Library/Frameworks/Ruby.framework/Versions/1.8/usr/lib/ruby/1.8/webrick/server.rb:162:in `start_thread'
    /System/Library/Frameworks/Ruby.framework/Versions/1.8/usr/lib/ruby/1.8/webrick/server.rb:95:in `start'
    /System/Library/Frameworks/Ruby.framework/Versions/1.8/usr/lib/ruby/1.8/webrick/server.rb:92:in `each'
    /System/Library/Frameworks/Ruby.framework/Versions/1.8/usr/lib/ruby/1.8/webrick/server.rb:92:in `start'
    /System/Library/Frameworks/Ruby.framework/Versions/1.8/usr/lib/ruby/1.8/webrick/server.rb:23:in `start'
    /System/Library/Frameworks/Ruby.framework/Versions/1.8/usr/lib/ruby/1.8/webrick/server.rb:82:in `start'

Rendered rescues/_trace (114.5ms)
Rendered rescues/_request_and_response (0.3ms)
Rendering rescues/layout (internal_server_error)


Processing BoardsController#edit (for 127.0.0.1 at 2010-12-02 21:45:33) [GET]
  Parameters: {"id"=>"1"}
  [4;35;1mBoard Load (0.1ms)[0m   [0mSELECT * FROM "boards" WHERE ("boards"."id" = 1) [0m
Rendering boards/edit
Completed in 15ms (View: 10, DB: 0) | 200 OK [http://0.0.0.0/boards/1/edit]


Processing BoardsController#edit (for 127.0.0.1 at 2010-12-02 21:45:41) [GET]
  Parameters: {"id"=>"1"}
  [4;36;1mBoard Load (0.1ms)[0m   [0;1mSELECT * FROM "boards" WHERE ("boards"."id" = 1) [0m
Rendering boards/edit
Completed in 17ms (View: 13, DB: 0) | 200 OK [http://0.0.0.0/boards/1/edit]


Processing BoardsController#edit (for 127.0.0.1 at 2010-12-02 21:45:50) [GET]
  Parameters: {"id"=>"1"}
  [4;35;1mBoard Load (0.1ms)[0m   [0mSELECT * FROM "boards" WHERE ("boards"."id" = 1) [0m
Rendering boards/edit
Completed in 14ms (View: 10, DB: 0) | 200 OK [http://0.0.0.0/boards/1/edit]


Processing BoardsController#update (for 127.0.0.1 at 2010-12-02 21:46:01) [PUT]
  Parameters: {"commit"=>"Update", "authenticity_token"=>"RB21C+bRhU9bPEuNGJjV8nGXhwMgWejl22hNchLcUPQ=", "id"=>"1", "board"=>{"name"=>"meta"}}

ActionController::UnknownAction (No action responded to update. Actions: create, edit, index, new, and show):
  haml (3.0.24) rails/./lib/sass/plugin/rack.rb:41:in `call'
  /System/Library/Frameworks/Ruby.framework/Versions/1.8/usr/lib/ruby/1.8/webrick/httpserver.rb:104:in `service'
  /System/Library/Frameworks/Ruby.framework/Versions/1.8/usr/lib/ruby/1.8/webrick/httpserver.rb:65:in `run'
  /System/Library/Frameworks/Ruby.framework/Versions/1.8/usr/lib/ruby/1.8/webrick/server.rb:173:in `start_thread'
  /System/Library/Frameworks/Ruby.framework/Versions/1.8/usr/lib/ruby/1.8/webrick/server.rb:162:in `start'
  /System/Library/Frameworks/Ruby.framework/Versions/1.8/usr/lib/ruby/1.8/webrick/server.rb:162:in `start_thread'
  /System/Library/Frameworks/Ruby.framework/Versions/1.8/usr/lib/ruby/1.8/webrick/server.rb:95:in `start'
  /System/Library/Frameworks/Ruby.framework/Versions/1.8/usr/lib/ruby/1.8/webrick/server.rb:92:in `each'
  /System/Library/Frameworks/Ruby.framework/Versions/1.8/usr/lib/ruby/1.8/webrick/server.rb:92:in `start'
  /System/Library/Frameworks/Ruby.framework/Versions/1.8/usr/lib/ruby/1.8/webrick/server.rb:23:in `start'
  /System/Library/Frameworks/Ruby.framework/Versions/1.8/usr/lib/ruby/1.8/webrick/server.rb:82:in `start'

Rendering rescues/layout (not_found)


Processing BoardsController#update (for 127.0.0.1 at 2010-12-02 21:47:53) [PUT]
  Parameters: {"commit"=>"Update", "authenticity_token"=>"RB21C+bRhU9bPEuNGJjV8nGXhwMgWejl22hNchLcUPQ=", "id"=>"1", "board"=>{"name"=>"meta"}}
  [4;36;1mBoard Load (0.1ms)[0m   [0;1mSELECT * FROM "boards" WHERE ("boards"."id" = 1) [0m
Redirected to http://0.0.0.0:3000/boards/1
Completed in 88ms (DB: 0) | 302 Found [http://0.0.0.0/boards/1]


Processing BoardsController#show (for 127.0.0.1 at 2010-12-02 21:47:53) [GET]
  Parameters: {"id"=>"1"}
  [4;35;1mBoard Load (0.1ms)[0m   [0mSELECT * FROM "boards" WHERE ("boards"."id" = 1) [0m
Rendering boards/show
Completed in 6ms (View: 2, DB: 0) | 200 OK [http://0.0.0.0/boards/1]


Processing BoardsController#edit (for 127.0.0.1 at 2010-12-02 21:47:55) [GET]
  Parameters: {"id"=>"1"}
  [4;36;1mBoard Load (0.1ms)[0m   [0;1mSELECT * FROM "boards" WHERE ("boards"."id" = 1) [0m
Rendering boards/edit
Completed in 10ms (View: 5, DB: 0) | 200 OK [http://0.0.0.0/boards/1/edit]


Processing BoardsController#update (for 127.0.0.1 at 2010-12-02 21:48:04) [PUT]
  Parameters: {"commit"=>"Update", "authenticity_token"=>"RB21C+bRhU9bPEuNGJjV8nGXhwMgWejl22hNchLcUPQ=", "id"=>"1", "board"=>{"name"=>"meta"}}
  [4;35;1mBoard Load (0.1ms)[0m   [0mSELECT * FROM "boards" WHERE ("boards"."id" = 1) [0m
Redirected to http://0.0.0.0:3000/boards/1
Completed in 7ms (DB: 0) | 302 Found [http://0.0.0.0/boards/1]


Processing BoardsController#show (for 127.0.0.1 at 2010-12-02 21:48:04) [GET]
  Parameters: {"id"=>"1"}
  [4;36;1mBoard Load (0.1ms)[0m   [0;1mSELECT * FROM "boards" WHERE ("boards"."id" = 1) [0m
Rendering boards/show
Completed in 6ms (View: 1, DB: 0) | 200 OK [http://0.0.0.0/boards/1]


Processing BoardsController#edit (for 127.0.0.1 at 2010-12-02 21:48:52) [GET]
  Parameters: {"id"=>"1"}
  [4;35;1mBoard Load (0.1ms)[0m   [0mSELECT * FROM "boards" WHERE ("boards"."id" = 1) [0m
Rendering boards/edit
Completed in 10ms (View: 5, DB: 0) | 200 OK [http://0.0.0.0/boards/1/edit]


Processing BoardsController#update (for 127.0.0.1 at 2010-12-02 21:48:55) [PUT]
  Parameters: {"commit"=>"Update", "authenticity_token"=>"RB21C+bRhU9bPEuNGJjV8nGXhwMgWejl22hNchLcUPQ=", "id"=>"1", "board"=>{"name"=>"meta"}}
  [4;36;1mBoard Load (0.1ms)[0m   [0;1mSELECT * FROM "boards" WHERE ("boards"."id" = 1) [0m
  [4;35;1mBoard Update (0.3ms)[0m   [0mUPDATE "boards" SET "updated_at" = '2010-12-02 13:48:55', "name" = 'meta' WHERE "id" = 1[0m
Redirected to http://0.0.0.0:3000/boards/1
Completed in 11ms (DB: 0) | 302 Found [http://0.0.0.0/boards/1]


Processing BoardsController#show (for 127.0.0.1 at 2010-12-02 21:48:55) [GET]
  Parameters: {"id"=>"1"}
  [4;36;1mBoard Load (0.1ms)[0m   [0;1mSELECT * FROM "boards" WHERE ("boards"."id" = 1) [0m
Rendering boards/show
Completed in 5ms (View: 1, DB: 0) | 200 OK [http://0.0.0.0/boards/1]


Processing BoardsController#index (for 127.0.0.1 at 2010-12-02 21:48:57) [GET]
  [4;35;1mBoard Load (0.3ms)[0m   [0mSELECT * FROM "boards" [0m
Rendering boards/index
Completed in 39ms (View: 35, DB: 0) | 200 OK [http://0.0.0.0/boards]


Processing BoardsController#edit (for 127.0.0.1 at 2010-12-02 21:49:04) [GET]
  Parameters: {"id"=>"1"}
  [4;36;1mBoard Load (0.1ms)[0m   [0;1mSELECT * FROM "boards" WHERE ("boards"."id" = 1) [0m
Rendering boards/edit
Completed in 20ms (View: 16, DB: 0) | 200 OK [http://0.0.0.0/boards/1/edit]


Processing BoardsController#update (for 127.0.0.1 at 2010-12-02 21:49:07) [PUT]
  Parameters: {"commit"=>"Update", "authenticity_token"=>"RB21C+bRhU9bPEuNGJjV8nGXhwMgWejl22hNchLcUPQ=", "id"=>"1", "board"=>{"name"=>"random"}}
  [4;35;1mBoard Load (0.1ms)[0m   [0mSELECT * FROM "boards" WHERE ("boards"."id" = 1) [0m
  [4;36;1mBoard Update (0.3ms)[0m   [0;1mUPDATE "boards" SET "updated_at" = '2010-12-02 13:49:07', "name" = 'random' WHERE "id" = 1[0m
Redirected to http://0.0.0.0:3000/boards/1
Completed in 10ms (DB: 0) | 302 Found [http://0.0.0.0/boards/1]


Processing BoardsController#show (for 127.0.0.1 at 2010-12-02 21:49:07) [GET]
  Parameters: {"id"=>"1"}
  [4;35;1mBoard Load (0.1ms)[0m   [0mSELECT * FROM "boards" WHERE ("boards"."id" = 1) [0m
Rendering boards/show
Completed in 6ms (View: 2, DB: 0) | 200 OK [http://0.0.0.0/boards/1]
